<?xml version="1.0" encoding="UTF-8"?>
<!-- Generated by org.testng.reporters.JUnitReportReporter -->
<testsuite hostname="QT-INBG-LT0475" failures="0" tests="1" name="amazon.testcases.loginpagetest" time="11.431" errors="0" timestamp="2023-04-28T12:16:23 IST" skipped="0">
  <testcase classname="amazon.testcases.loginpagetest" name="logintest" time="11.431"/>
  <system-out/>
</testsuite> <!-- amazon.testcases.loginpagetest -->
